<?xml version="1.0" encoding="UTF-8"?>
<!-- Generated by org.testng.reporters.JUnitXMLReporter -->
<testsuite ignored="0" hostname="ZAHID" failures="0" tests="3" name="twoTest" time="44.189" errors="0" timestamp="2023-10-02T10:34:30 IST">
  <testcase classname="GenericUtility.Baseclass2" name="@BeforeMethod LoginToApplication" time="1.89">
    <failure type="org.openqa.selenium.ElementClickInterceptedException" message="element click intercepted: Element &amp;lt;div class=&amp;quot;css-76zvg2 r-jwli3a r-ubezar&amp;quot; dir=&amp;quot;auto&amp;quot; style=&amp;quot;font-family: inherit;&amp;quot;&amp;gt;...&amp;lt;/div&amp;gt; is not clickable at point (1282, 30). Other element would receive the click: &amp;lt;div class=&amp;quot;css-1dbjc4n r-18u37iz r-1wtj0ep r-184en5c&amp;quot; style=&amp;quot;top: 5px;&amp;quot;&amp;gt;...&amp;lt;/div&amp;gt;
  (Session info: chrome=117.0.5938.132)
Build info: version: &amp;apos;4.10.0&amp;apos;, revision: &amp;apos;c14d967899&amp;apos;
System info: os.name: &amp;apos;Windows 10&amp;apos;, os.arch: &amp;apos;amd64&amp;apos;, os.version: &amp;apos;10.0&amp;apos;, java.version: &amp;apos;17.0.7&amp;apos;
Driver info: org.openqa.selenium.chrome.ChromeDriver
Command: [5156b9c0a791a38c456c565c1d7c6dba, clickElement {id=E8104D5C192A7907D3C3E1BCBB015A9D_element_511}]
Capabilities {acceptInsecureCerts: false, browserName: chrome, browserVersion: 117.0.5938.132, chrome: {chromedriverVersion: 117.0.5938.92 (67649b10b92b..., userDataDir: C:\Users\DELL\AppData\Local...}, fedcm:accounts: true, goog:chromeOptions: {debuggerAddress: localhost:59184}, networkConnectionEnabled: false, pageLoadStrategy: normal, platformName: windows, proxy: Proxy(), se:cdp: ws://localhost:59184/devtoo..., se:cdpVersion: 117.0.5938.132, setWindowRect: true, strictFileInteractability: false, timeouts: {implicit: 0, pageLoad: 300000, script: 30000}, unhandledPromptBehavior: dismiss and notify, webauthn:extension:credBlob: true, webauthn:extension:largeBlob: true, webauthn:extension:minPinLength: true, webauthn:extension:prf: true, webauthn:virtualAuthenticators: true}
Element: [[ChromeDriver: chrome on windows (5156b9c0a791a38c456c565c1d7c6dba)] -&amp;gt; xpath: //div[text()=&amp;apos;Login&amp;apos; and @dir=&amp;apos;auto&amp;apos;]]
Session ID: 5156b9c0a791a38c456c565c1d7c6dba">
      <![CDATA[org.openqa.selenium.ElementClickInterceptedException: element click intercepted: Element <div class="css-76zvg2 r-jwli3a r-ubezar" dir="auto" style="font-family: inherit;">...</div> is not clickable at point (1282, 30). Other element would receive the click: <div class="css-1dbjc4n r-18u37iz r-1wtj0ep r-184en5c" style="top: 5px;">...</div>
  (Session info: chrome=117.0.5938.132)
Build info: version: '4.10.0', revision: 'c14d967899'
System info: os.name: 'Windows 10', os.arch: 'amd64', os.version: '10.0', java.version: '17.0.7'
Driver info: org.openqa.selenium.chrome.ChromeDriver
Command: [5156b9c0a791a38c456c565c1d7c6dba, clickElement {id=E8104D5C192A7907D3C3E1BCBB015A9D_element_511}]
Capabilities {acceptInsecureCerts: false, browserName: chrome, browserVersion: 117.0.5938.132, chrome: {chromedriverVersion: 117.0.5938.92 (67649b10b92b..., userDataDir: C:\Users\DELL\AppData\Local...}, fedcm:accounts: true, goog:chromeOptions: {debuggerAddress: localhost:59184}, networkConnectionEnabled: false, pageLoadStrategy: normal, platformName: windows, proxy: Proxy(), se:cdp: ws://localhost:59184/devtoo..., se:cdpVersion: 117.0.5938.132, setWindowRect: true, strictFileInteractability: false, timeouts: {implicit: 0, pageLoad: 300000, script: 30000}, unhandledPromptBehavior: dismiss and notify, webauthn:extension:credBlob: true, webauthn:extension:largeBlob: true, webauthn:extension:minPinLength: true, webauthn:extension:prf: true, webauthn:virtualAuthenticators: true}
Element: [[ChromeDriver: chrome on windows (5156b9c0a791a38c456c565c1d7c6dba)] -> xpath: //div[text()='Login' and @dir='auto']]
Session ID: 5156b9c0a791a38c456c565c1d7c6dba
at org.openqa.selenium.remote.codec.w3c.W3CHttpResponseCodec.createException(W3CHttpResponseCodec.java:199)
at org.openqa.selenium.remote.codec.w3c.W3CHttpResponseCodec.decode(W3CHttpResponseCodec.java:132)
at org.openqa.selenium.remote.codec.w3c.W3CHttpResponseCodec.decode(W3CHttpResponseCodec.java:51)
at org.openqa.selenium.remote.HttpCommandExecutor.execute(HttpCommandExecutor.java:191)
at org.openqa.selenium.remote.service.DriverCommandExecutor.invokeExecute(DriverCommandExecutor.java:196)
at org.openqa.selenium.remote.service.DriverCommandExecutor.execute(DriverCommandExecutor.java:171)
at org.openqa.selenium.remote.RemoteWebDriver.execute(RemoteWebDriver.java:531)
at org.openqa.selenium.remote.RemoteWebElement.execute(RemoteWebElement.java:242)
at org.openqa.selenium.remote.RemoteWebElement.click(RemoteWebElement.java:77)
at org.openqa.selenium.support.pagefactory.internal.LocatingElementHandler.invoke(LocatingElementHandler.java:51)
at jdk.proxy2/jdk.proxy2.$Proxy15.click(Unknown Source)
at GenericUtility.Baseclass2.LoginToApplication(Baseclass2.java:68)
at java.base/java.util.ArrayList.forEach(ArrayList.java:1511)
at java.base/java.util.concurrent.FutureTask.run(FutureTask.java:264)
at java.base/java.util.concurrent.ThreadPoolExecutor.runWorker(ThreadPoolExecutor.java:1136)
at java.base/java.util.concurrent.ThreadPoolExecutor$Worker.run(ThreadPoolExecutor.java:635)
at java.base/java.lang.Thread.run(Thread.java:833)
... Removed 30 stack frames]]>
    </failure>
  </testcase> <!-- @BeforeMethod LoginToApplication -->
  <testcase classname="GenericUtility.Baseclass2" name="@AfterMethod logoutToApplication" time="0.0">
    <skipped/>
  </testcase> <!-- @AfterMethod logoutToApplication -->
  <testcase classname="GenericUtility.Baseclass2" name="@BeforeMethod LoginToApplication" time="0.0">
    <skipped/>
  </testcase> <!-- @BeforeMethod LoginToApplication -->
  <testcase classname="GenericUtility.Baseclass2" name="@AfterMethod logoutToApplication" time="0.0">
    <skipped/>
  </testcase> <!-- @AfterMethod logoutToApplication -->
  <testcase classname="GenericUtility.Baseclass2" name="@BeforeMethod LoginToApplication" time="0.0">
    <skipped/>
  </testcase> <!-- @BeforeMethod LoginToApplication -->
  <testcase classname="GenericUtility.Baseclass2" name="@AfterMethod logoutToApplication" time="0.0">
    <skipped/>
  </testcase> <!-- @AfterMethod logoutToApplication -->
  <testcase classname="GenericUtility.Baseclass2" name="@AfterClass aftermethod" time="0.0">
    <skipped/>
  </testcase> <!-- @AfterClass aftermethod -->
  <testcase classname="ShopperLogin.Login6Test" name="TC_Login_003" time="0.001"/>
  <testcase classname="ShopperLogin.Login6Test" name="TC_Login_004" time="0.001"/>
  <testcase classname="ShopperLogin.Login6Test" name="TC_Login_005" time="0.001"/>
</testsuite> <!-- twoTest -->
